生成启动时间为 2021/3/21 0:43:17。
     1>项目“D:\ccperminerplus\game2shaolei\game2shaolei\game2shaolei.vcxproj”在节点 2 上(build 个目标)。
     1>InitializeBuildStatus:
         正在创建“Debug\game2shaolei.unsuccessfulbuild”，因为已指定“AlwaysCreate”。
       ClCompile:
         C:\Program Files (x86)\Microsoft Visual Studio 10.0\VC\bin\CL.exe /c /ZI /nologo /W3 /WX- /Od /Oy- /D WIN32 /D _DEBUG /D _CONSOLE /D _UNICODE /D UNICODE /Gm /EHsc /RTC1 /MDd /GS /fp:precise /Zc:wchar_t /Zc:forScope /Fo"Debug\\" /Fd"Debug\vc100.pdb" /Gd /TC /analyze- /errorReport:prompt game.c
         game.c
     1>d:\ccperminerplus\game2shaolei\game2shaolei\game.c(42): warning C4028: 形参 1 与声明不同
         C:\Program Files (x86)\Microsoft Visual Studio 10.0\VC\bin\CL.exe /c /ZI /nologo /W3 /WX- /Od /Oy- /D _CRT_SECURE_NO_WARNINGS. /D WIN32 /D _DEBUG /D _CONSOLE /D _UNICODE /D UNICODE /Gm /EHsc /RTC1 /MDd /GS /fp:precise /Zc:wchar_t /Zc:forScope /Fo"Debug\\" /Fd"Debug\vc100.pdb" /Gd /TC /analyze- /errorReport:prompt test.c
         test.c
     1>d:\ccperminerplus\game2shaolei\game2shaolei\test.c(40): warning C4996: 'scanf': This function or variable may be unsafe. Consider using scanf_s instead. To disable deprecation, use _CRT_SECURE_NO_WARNINGS. See online help for details.
                 c:\program files (x86)\microsoft visual studio 10.0\vc\include\stdio.h(304) : 参见“scanf”的声明
       ManifestResourceCompile:
         所有输出均为最新。
       Link:
         C:\Program Files (x86)\Microsoft Visual Studio 10.0\VC\bin\link.exe /ERRORREPORT:PROMPT /OUT:"D:\ccperminerplus\game2shaolei\Debug\game2shaolei.exe" /INCREMENTAL /NOLOGO kernel32.lib user32.lib gdi32.lib winspool.lib comdlg32.lib advapi32.lib shell32.lib ole32.lib oleaut32.lib uuid.lib odbc32.lib odbccp32.lib /MANIFEST /ManifestFile:"Debug\game2shaolei.exe.intermediate.manifest" /MANIFESTUAC:"level='asInvoker' uiAccess='false'" /DEBUG /PDB:"D:\ccperminerplus\game2shaolei\Debug\game2shaolei.pdb" /SUBSYSTEM:CONSOLE /TLBID:1 /DYNAMICBASE /NXCOMPAT /IMPLIB:"D:\ccperminerplus\game2shaolei\Debug\game2shaolei.lib" /MACHINE:X86 Debug\game2shaolei.exe.embed.manifest.res
         Debug\game.obj
         Debug\test.obj
       Manifest:
         C:\Program Files (x86)\Microsoft SDKs\Windows\v7.0A\bin\mt.exe /nologo /verbose /out:"Debug\game2shaolei.exe.embed.manifest" /manifest Debug\game2shaolei.exe.intermediate.manifest
         所有输出均为最新。
       LinkEmbedManifest:
         所有输出均为最新。
         game2shaolei.vcxproj -> D:\ccperminerplus\game2shaolei\Debug\game2shaolei.exe
       FinalizeBuildStatus:
         正在删除文件“Debug\game2shaolei.unsuccessfulbuild”。
         正在对“Debug\game2shaolei.lastbuildstate”执行 Touch 任务。
     1>已完成生成项目“D:\ccperminerplus\game2shaolei\game2shaolei\game2shaolei.vcxproj”(build 个目标)的操作。

生成成功。

已用时间 00:00:00.71
